Determining if the pthread_create exist failed with the following output:
Change Dir: /home/liqing/amcl_study/amcl_ws/src/navigation-indigo-devel/amcl/build/CMakeFiles/CMakeTmp

Run Build Command:/usr/bin/make "cmTryCompileExec4116593878/fast"
/usr/bin/make -f CMakeFiles/cmTryCompileExec4116593878.dir/build.make CMakeFiles/cmTryCompileExec4116593878.dir/build
make[1]: Entering directory `/home/liqing/amcl_study/amcl_ws/src/navigation-indigo-devel/amcl/build/CMakeFiles/CMakeTmp'
/usr/bin/cmake -E cmake_progress_report /home/liqing/amcl_study/amcl_ws/src/navigation-indigo-devel/amcl/build/CMakeFiles/CMakeTmp/CMakeFiles 1
Building C object CMakeFiles/cmTryCompileExec4116593878.dir/CheckSymbolExists.c.o
/usr/bin/cc    -o CMakeFiles/cmTryCompileExec4116593878.dir/CheckSymbolExists.c.o   -c /home/liqing/amcl_study/amcl_ws/src/navigation-indigo-devel/amcl/build/CMakeFiles/CMakeTmp/CheckSymbolExists.c
Linking C executable cmTryCompileExec4116593878
/usr/bin/cmake -E cmake_link_script CMakeFiles/cmTryCompileExec4116593878.dir/link.txt --verbose=1
/usr/bin/cc       CMakeFiles/cmTryCompileExec4116593878.dir/CheckSymbolExists.c.o  -o cmTryCompileExec4116593878 -rdynamic 
CMakeFiles/cmTryCompileExec4116593878.dir/CheckSymbolExists.c.o: In function `main':
CheckSymbolExists.c:(.text+0x16): undefined reference to `pthread_create'
collect2: error: ld returned 1 exit status
make[1]: *** [cmTryCompileExec4116593878] Error 1
make[1]: Leaving directory `/home/liqing/amcl_study/amcl_ws/src/navigation-indigo-devel/amcl/build/CMakeFiles/CMakeTmp'
make: *** [cmTryCompileExec4116593878/fast] Error 2

File /home/liqing/amcl_study/amcl_ws/src/navigation-indigo-devel/amcl/build/CMakeFiles/CMakeTmp/CheckSymbolExists.c:
/* */
#include <pthread.h>

int main(int argc, char** argv)
{
  (void)argv;
#ifndef pthread_create
  return ((int*)(&pthread_create))[argc];
#else
  (void)argc;
  return 0;
#endif
}

Determining if the function pthread_create exists in the pthreads failed with the following output:
Change Dir: /home/liqing/amcl_study/amcl_ws/src/navigation-indigo-devel/amcl/build/CMakeFiles/CMakeTmp

Run Build Command:/usr/bin/make "cmTryCompileExec828049029/fast"
/usr/bin/make -f CMakeFiles/cmTryCompileExec828049029.dir/build.make CMakeFiles/cmTryCompileExec828049029.dir/build
make[1]: Entering directory `/home/liqing/amcl_study/amcl_ws/src/navigation-indigo-devel/amcl/build/CMakeFiles/CMakeTmp'
/usr/bin/cmake -E cmake_progress_report /home/liqing/amcl_study/amcl_ws/src/navigation-indigo-devel/amcl/build/CMakeFiles/CMakeTmp/CMakeFiles 1
Building C object CMakeFiles/cmTryCompileExec828049029.dir/CheckFunctionExists.c.o
/usr/bin/cc   -DCHECK_FUNCTION_EXISTS=pthread_create   -o CMakeFiles/cmTryCompileExec828049029.dir/CheckFunctionExists.c.o   -c /usr/share/cmake-2.8/Modules/CheckFunctionExists.c
Linking C executable cmTryCompileExec828049029
/usr/bin/cmake -E cmake_link_script CMakeFiles/cmTryCompileExec828049029.dir/link.txt --verbose=1
/usr/bin/cc   -DCHECK_FUNCTION_EXISTS=pthread_create    CMakeFiles/cmTryCompileExec828049029.dir/CheckFunctionExists.c.o  -o cmTryCompileExec828049029 -rdynamic -lpthreads 
/usr/bin/ld: cannot find -lpthreads
collect2: error: ld returned 1 exit status
make[1]: Leaving directory `/home/liqing/amcl_study/amcl_ws/src/navigation-indigo-devel/amcl/build/CMakeFiles/CMakeTmp'
make[1]: *** [cmTryCompileExec828049029] Error 1
make: *** [cmTryCompileExec828049029/fast] Error 2


